[0.072s] Invoking command in '/home/optimus/first_ros2_ws/build/intro_interfaces': CMAKE_PREFIX_PATH=${CMAKE_PREFIX_PATH}:/opt/ros/jazzy DEBUGINFOD_URLS=https://debuginfod.ubuntu.com /usr/bin/cmake --build /home/optimus/first_ros2_ws/build/intro_interfaces -- -j4 -l4
[0.210s] -- Found ament_cmake: 2.5.3 (/opt/ros/jazzy/share/ament_cmake/cmake)
[0.345s] -- Found Python3: /usr/bin/python3 (found version "3.12.3") found components: Interpreter 
[0.760s] -- Found rosidl_default_generators: 1.6.0 (/opt/ros/jazzy/share/rosidl_default_generators/cmake)
[0.772s] -- Using all available rosidl_typesupport_c: rosidl_typesupport_fastrtps_c;rosidl_typesupport_introspection_c
[0.992s] -- Using all available rosidl_typesupport_cpp: rosidl_typesupport_fastrtps_cpp;rosidl_typesupport_introspection_cpp
[1.150s] -- Found rosidl_adapter: 4.6.5 (/opt/ros/jazzy/share/rosidl_adapter/cmake)
[1.974s] [31mCMake Error at /opt/ros/jazzy/share/rosidl_adapter/cmake/rosidl_adapt_interfaces.cmake:57 (message):
[1.975s]   execute_process(/usr/bin/python3 -m rosidl_adapter --package-name
[1.976s]   intro_interfaces --arguments-file
[1.977s]   /home/optimus/first_ros2_ws/build/intro_interfaces/rosidl_adapter__arguments__intro_interfaces.json
[1.977s]   --output-dir
[1.978s]   /home/optimus/first_ros2_ws/build/intro_interfaces/rosidl_adapter/intro_interfaces
[1.978s]   --output-file
[1.979s]   /home/optimus/first_ros2_ws/build/intro_interfaces/rosidl_adapter/intro_interfaces.idls)
[1.979s]   returned error code 1:
[1.980s] 
[1.981s]   Error processing 'bool isComplete' of 'intro_interfaces/ToggleLED_Result':
[1.982s]   ''isComplete' is an invalid field name.  It should have the pattern
[1.983s]   '^(?!.*__)(?!.*_$)[a-z][a-z0-9_]*$''
[1.984s] 
[1.984s]   Traceback (most recent call last):
[1.985s] 
[1.986s]     File "<frozen runpy>", line 198, in _run_module_as_main
[1.986s]     File "<frozen runpy>", line 88, in _run_code
[1.987s]     File "/opt/ros/jazzy/lib/python3.12/site-packages/rosidl_adapter/__main__.py", line 19, in <module>
[1.987s]       sys.exit(main())
[1.988s]                ^^^^^^
[1.989s]     File "/opt/ros/jazzy/lib/python3.12/site-packages/rosidl_adapter/main.py", line 53, in main
[1.989s]       abs_idl_file = convert_to_idl(
[1.991s]                      ^^^^^^^^^^^^^^^
[1.992s]     File "/opt/ros/jazzy/lib/python3.12/site-packages/rosidl_adapter/__init__.py", line 29, in convert_to_idl
[1.994s]       return convert_action_to_idl(
[1.996s]              ^^^^^^^^^^^^^^^^^^^^^^
[1.997s]     File "/opt/ros/jazzy/lib/python3.12/site-packages/rosidl_adapter/action/__init__.py", line 28, in convert_action_to_idl
[1.998s]       action = parse_action_string(package_name, input_file.stem, content)
[2.000s]                ^^^^^^^^^^^^^^^^^^^^^^^^^^^^^^^^^^^^^^^^^^^^^^^^^^^^^^^^^^^
[2.000s]     File "/opt/ros/jazzy/lib/python3.12/site-packages/rosidl_adapter/parser.py", line 905, in parse_action_string
[2.001s]       result_message = parse_message_string(
[2.002s]                        ^^^^^^^^^^^^^^^^^^^^^
[2.002s]     File "/opt/ros/jazzy/lib/python3.12/site-packages/rosidl_adapter/parser.py", line 520, in parse_message_string
[2.003s]       fields.append(Field(
[2.003s]                     ^^^^^^
[2.004s]     File "/opt/ros/jazzy/lib/python3.12/site-packages/rosidl_adapter/parser.py", line 355, in __init__
[2.005s]       raise NameError(
[2.005s] 
[2.006s]   NameError: 'isComplete' is an invalid field name.  It should have the
[2.007s]   pattern '^(?!.*__)(?!.*_$)[a-z][a-z0-9_]*$'
[2.007s] 
[2.008s] Call Stack (most recent call first):
[2.008s]   /opt/ros/jazzy/share/rosidl_cmake/cmake/rosidl_generate_interfaces.cmake:132 (rosidl_adapt_interfaces)
[2.009s]   CMakeLists.txt:14 (rosidl_generate_interfaces)
[2.009s] 
[2.010s] [0m
[2.011s] -- Configuring incomplete, errors occurred!
[2.012s] gmake: *** [Makefile:1085: cmake_check_build_system] Error 1
[2.018s] Invoked command in '/home/optimus/first_ros2_ws/build/intro_interfaces' returned '2': CMAKE_PREFIX_PATH=${CMAKE_PREFIX_PATH}:/opt/ros/jazzy DEBUGINFOD_URLS=https://debuginfod.ubuntu.com /usr/bin/cmake --build /home/optimus/first_ros2_ws/build/intro_interfaces -- -j4 -l4
